<?xml version="1.0" encoding="UTF-8"?>
<testng-results skipped="0" failed="0" ignored="0" total="1" passed="1">
  <reporter-output>
  </reporter-output>
  <suite name="Default suite" duration-ms="2471" started-at="2018-01-17T05:53:58Z" finished-at="2018-01-17T05:54:01Z">
    <groups>
    </groups>
    <test name="Default test" duration-ms="2471" started-at="2018-01-17T05:53:58Z" finished-at="2018-01-17T05:54:01Z">
      <class name="blockchain.Test_Auth">
        <test-method status="PASS" signature="test_AuthenticationFactory()[pri:0, instance:blockchain.Test_Auth@4520ebad]" name="test_AuthenticationFactory" duration-ms="2419" started-at="2018-01-17T13:53:59Z" finished-at="2018-01-17T13:54:01Z">
          <reporter-output>
          </reporter-output>
        </test-method> <!-- test_AuthenticationFactory -->
      </class> <!-- blockchain.Test_Auth -->
    </test> <!-- Default test -->
  </suite> <!-- Default suite -->
</testng-results>
